<?xml version="1.0" encoding="UTF-8"?>
<!-- Generated by org.testng.reporters.JUnitReportReporter -->
<testsuite hostname="kuttykeerthi" failures="0" tests="1" name="org.test.FirstClass" time="4.022" errors="0" timestamp="2024-04-10T23:28:29 IST" skipped="0">
  <testcase classname="org.test.FirstClass" name="GetMethod" time="4.022"/>
</testsuite> <!-- org.test.FirstClass -->
